#
# There is insufficient memory for the Java Runtime Environment to continue.
# Native memory allocation (mmap) failed to map 71303168 bytes. Error detail: G1 virtual space
# Possible reasons:
#   The system is out of physical RAM or swap space
#   This process is running with CompressedOops enabled, and the Java Heap may be blocking the growth of the native heap
# Possible solutions:
#   Reduce memory load on the system
#   Increase physical memory or swap space
#   Check if swap backing store is full
#   Decrease Java heap size (-Xmx/-Xms)
#   Decrease number of Java threads
#   Decrease Java thread stack sizes (-Xss)
#   Set larger code cache with -XX:ReservedCodeCacheSize=
#   JVM is running with Unscaled Compressed Oops mode in which the Java heap is
#     placed in the first 4GB address space. The Java Heap base address is the
#     maximum limit for the native heap growth. Please use -XX:HeapBaseMinAddress
#     to set the Java Heap base and to place the Java Heap above 4GB virtual address.
# This output file may be truncated or incomplete.
#
#  Out of Memory Error (os_windows.cpp:3631), pid=17268, tid=22952
#
# JRE version: Java(TM) SE Runtime Environment (22.0.2+9) (build 22.0.2+9-70)
# Java VM: Java HotSpot(TM) 64-Bit Server VM (22.0.2+9-70, mixed mode, sharing, tiered, compressed oops, compressed class ptrs, g1 gc, windows-amd64)
# No core dump will be written. Minidumps are not enabled by default on client versions of Windows
#

---------------  S U M M A R Y ------------

Command Line: -Dfile.encoding=UTF-8 --module-path=D:\KasirBaru\KaruniaStoreRepo\build\classes Form.Productt

Host: AMD Athlon Gold 3150U with Radeon Graphics     , 4 cores, 3G,  Windows 11 , 64 bit Build 26100 (10.0.26100.3912)
Time: Wed May  7 07:55:44 2025 SE Asia Standard Time elapsed time: 7.460071 seconds (0d 0h 0m 7s)

---------------  T H R E A D  ---------------

Current thread (0x00000223b365ff40):  VMThread "VM Thread"          [id=22952, stack(0x0000004aefb00000,0x0000004aefc00000) (1024K)]

Stack: [0x0000004aefb00000,0x0000004aefc00000]
Native frames: (J=compiled Java code, j=interpreted, Vv=VM code, C=native code)
V  [jvm.dll+0x6e26e9]  (no source info available)
V  [jvm.dll+0x875753]  (no source info available)
V  [jvm.dll+0x877b7e]  (no source info available)
V  [jvm.dll+0x878253]  (no source info available)
V  [jvm.dll+0x27fc86]  (no source info available)
V  [jvm.dll+0x6ded85]  (no source info available)
V  [jvm.dll+0x6d388a]  (no source info available)
V  [jvm.dll+0x358b8a]  (no source info available)
V  [jvm.dll+0x3610b6]  (no source info available)
V  [jvm.dll+0x3b419e]  (no source info available)
V  [jvm.dll+0x3b4448]  (no source info available)
V  [jvm.dll+0x32c5ec]  (no source info available)
V  [jvm.dll+0x32c677]  (no source info available)
V  [jvm.dll+0x37244c]  (no source info available)
V  [jvm.dll+0x370b46]  (no source info available)
V  [jvm.dll+0x32bcd7]  (no source info available)
V  [jvm.dll+0x370618]  (no source info available)
V  [jvm.dll+0x87e0f0]  (no source info available)
V  [jvm.dll+0x87f477]  (no source info available)
V  [jvm.dll+0x87f9f0]  (no source info available)
V  [jvm.dll+0x87fc93]  (no source info available)
V  [jvm.dll+0x81dc0b]  (no source info available)
V  [jvm.dll+0x6e0d85]  (no source info available)
C  [ucrtbase.dll+0x37b0]  (no source info available)
C  [KERNEL32.DLL+0x2e8d7]  (no source info available)
C  [ntdll.dll+0x9c5dc]  (no source info available)

VM_Operation (0x0000004af09fc2a8): G1TryInitiateConcMark, mode: safepoint, requested by thread 0x00000223b3b2f4c0


---------------  P R O C E S S  ---------------

Threads class SMR info:
_java_thread_list=0x00000223fe73f0d0, length=21, elements={
0x00000223b367d100, 0x00000223b367ea80, 0x00000223b36869e0, 0x00000223b3687440,
0x00000223b3687ea0, 0x00000223b3688900, 0x00000223b3689690, 0x00000223b36b7f40,
0x00000223b38c07b0, 0x00000223b39fef80, 0x00000223b3b1cfa0, 0x00000223b3b21630,
0x00000223b3b240b0, 0x00000223b3b2f4c0, 0x0000022396cc3c30, 0x00000223fb403e20,
0x00000223fb47e4f0, 0x00000223fb401680, 0x00000223fb5b98e0, 0x00000223ff2917e0,
0x00000223ff291e70
}

Java Threads: ( => current thread )
  0x00000223b367d100 JavaThread "Reference Handler"          daemon [_thread_blocked, id=29264, stack(0x0000004aefc00000,0x0000004aefd00000) (1024K)]
  0x00000223b367ea80 JavaThread "Finalizer"                  daemon [_thread_blocked, id=27608, stack(0x0000004aefd00000,0x0000004aefe00000) (1024K)]
  0x00000223b36869e0 JavaThread "Signal Dispatcher"          daemon [_thread_blocked, id=26476, stack(0x0000004aefe00000,0x0000004aeff00000) (1024K)]
  0x00000223b3687440 JavaThread "Attach Listener"            daemon [_thread_blocked, id=17468, stack(0x0000004aeff00000,0x0000004af0000000) (1024K)]
  0x00000223b3687ea0 JavaThread "Service Thread"             daemon [_thread_blocked, id=29468, stack(0x0000004af0000000,0x0000004af0100000) (1024K)]
  0x00000223b3688900 JavaThread "Monitor Deflation Thread"   daemon [_thread_blocked, id=22336, stack(0x0000004af0100000,0x0000004af0200000) (1024K)]
  0x00000223b3689690 JavaThread "C2 CompilerThread0"         daemon [_thread_blocked, id=17876, stack(0x0000004af0200000,0x0000004af0300000) (1024K)]
  0x00000223b36b7f40 JavaThread "C1 CompilerThread0"         daemon [_thread_blocked, id=25168, stack(0x0000004af0300000,0x0000004af0400000) (1024K)]
  0x00000223b38c07b0 JavaThread "Common-Cleaner"             daemon [_thread_blocked, id=26420, stack(0x0000004af0400000,0x0000004af0500000) (1024K)]
  0x00000223b39fef80 JavaThread "Notification Thread"        daemon [_thread_blocked, id=29260, stack(0x0000004af0500000,0x0000004af0600000) (1024K)]
  0x00000223b3b1cfa0 JavaThread "Java2D Disposer"            daemon [_thread_blocked, id=22868, stack(0x0000004af0600000,0x0000004af0700000) (1024K)]
  0x00000223b3b21630 JavaThread "AWT-Shutdown"                      [_thread_blocked, id=20060, stack(0x0000004af0700000,0x0000004af0800000) (1024K)]
  0x00000223b3b240b0 JavaThread "AWT-Windows"                daemon [_thread_blocked, id=6024, stack(0x0000004af0800000,0x0000004af0900000) (1024K)]
  0x00000223b3b2f4c0 JavaThread "AWT-EventQueue-0"                  [_thread_blocked, id=26260, stack(0x0000004af0900000,0x0000004af0a00000) (1024K)]
  0x0000022396cc3c30 JavaThread "DestroyJavaVM"                     [_thread_blocked, id=8164, stack(0x0000004aef400000,0x0000004aef500000) (1024K)]
  0x00000223fb403e20 JavaThread "Image Fetcher 0"            daemon [_thread_blocked, id=29056, stack(0x0000004af1100000,0x0000004af1200000) (1024K)]
  0x00000223fb47e4f0 JavaThread "TimerQueue"                 daemon [_thread_blocked, id=30120, stack(0x0000004af1200000,0x0000004af1300000) (1024K)]
  0x00000223fb401680 JavaThread "Image Fetcher 1"            daemon [_thread_blocked, id=16808, stack(0x0000004af1300000,0x0000004af1400000) (1024K)]
  0x00000223fb5b98e0 JavaThread "mysql-cj-abandoned-connection-cleanup" daemon [_thread_blocked, id=21768, stack(0x0000004af1400000,0x0000004af1500000) (1024K)]
  0x00000223ff2917e0 JavaThread "Image Fetcher 2"            daemon [_thread_blocked, id=22840, stack(0x0000004af1800000,0x0000004af1900000) (1024K)]
  0x00000223ff291e70 JavaThread "D3D Screen Updater"         daemon [_thread_blocked, id=11860, stack(0x0000004af1a00000,0x0000004af1b00000) (1024K)]
Total: 21

Other Threads:
=>0x00000223b365ff40 VMThread "VM Thread"                           [id=22952, stack(0x0000004aefb00000,0x0000004aefc00000) (1024K)]
  0x0000022398ee9f40 WatcherThread "VM Periodic Task Thread"        [id=12200, stack(0x0000004aefa00000,0x0000004aefb00000) (1024K)]
  0x0000022398e70760 WorkerThread "GC Thread#0"                     [id=26268, stack(0x0000004aef500000,0x0000004aef600000) (1024K)]
  0x00000223fb8188f0 WorkerThread "GC Thread#1"                     [id=20628, stack(0x0000004af1500000,0x0000004af1600000) (1024K)]
  0x00000223fb6de4a0 WorkerThread "GC Thread#2"                     [id=27824, stack(0x0000004af1600000,0x0000004af1700000) (1024K)]
  0x00000223fb6de850 WorkerThread "GC Thread#3"                     [id=25532, stack(0x0000004af1700000,0x0000004af1800000) (1024K)]
  0x0000022398e784d0 ConcurrentGCThread "G1 Main Marker"            [id=28768, stack(0x0000004aef600000,0x0000004aef700000) (1024K)]
  0x0000022398e78fe0 WorkerThread "G1 Conc#0"                       [id=2900, stack(0x0000004aef700000,0x0000004aef800000) (1024K)]
  0x0000022398ecfc50 ConcurrentGCThread "G1 Refine#0"               [id=7368, stack(0x0000004aef800000,0x0000004aef900000) (1024K)]
  0x0000022398ed1df0 ConcurrentGCThread "G1 Service"                [id=25596, stack(0x0000004aef900000,0x0000004aefa00000) (1024K)]
Total: 10

Threads with active compile tasks:
C2 CompilerThread0  7665 3407       4       java.io.FilterInputStream::read (8 bytes)
C1 CompilerThread0  7665 3409       3       java.awt.image.SampleModel::<init> (124 bytes)
Total: 2

VM state: at safepoint (normal execution)

VM Mutex/Monitor currently owned by a thread:  ([mutex/lock_event])
[0x00007ff99929cb80] Threads_lock - owner thread: 0x00000223b365ff40
[0x00007ff99929cc80] Heap_lock - owner thread: 0x00000223b3b2f4c0

Heap address: 0x00000000c9400000, size: 876 MB, Compressed Oops mode: 32-bit

CDS archive(s) mapped at: [0x00000223b4000000-0x00000223b4c60000-0x00000223b4c60000), size 12976128, SharedBaseAddress: 0x00000223b4000000, ArchiveRelocationMode: 1.
Compressed class space mapped at: 0x00000223b5000000-0x00000223f5000000, reserved size: 1073741824
Narrow klass base: 0x00000223b4000000, Narrow klass shift: 0, Narrow klass range: 0x41000000

GC Precious Log:
 CardTable entry size: 512
 Card Set container configuration: InlinePtr #cards 5 size 8 Array Of Cards #cards 12 size 40 Howl #buckets 4 coarsen threshold 1843 Howl Bitmap #cards 512 size 80 coarsen threshold 460 Card regions per heap region 1 cards per card region 2048
 CPUs: 4 total, 4 available
 Memory: 3499M
 Large Page Support: Disabled
 NUMA Support: Disabled
 Compressed Oops: Enabled (32-bit)
 Heap Region Size: 1M
 Heap Min Capacity: 8M
 Heap Initial Capacity: 56M
 Heap Max Capacity: 876M
 Pre-touch: Disabled
 Parallel Workers: 4
 Concurrent Workers: 1
 Concurrent Refinement Workers: 4
 Periodic GC: Disabled

Heap:
 garbage-first heap   total reserved 897024K, committed 69632K, used 25421K [0x00000000c9400000, 0x0000000100000000)
  region size 1024K, 1 young (1024K), 1 survivors (1024K)
 Metaspace       used 21155K, committed 21376K, reserved 1114112K
  class space    used 2781K, committed 2880K, reserved 1048576K

Heap Regions: E=young(eden), S=young(survivor), O=old, HS=humongous(starts), HC=humongous(continues), CS=collection set, F=free, TAMS=top-at-mark-start, PB=parsable bottom
|   0|0x00000000c9400000, 0x00000000c9500000, 0x00000000c9500000|100%| O|  |TAMS 0x00000000c9500000| PB 0x00000000c9400000| Untracked |  0
|   1|0x00000000c9500000, 0x00000000c9600000, 0x00000000c9600000|100%| O|  |TAMS 0x00000000c9600000| PB 0x00000000c9500000| Untracked |  0
|   2|0x00000000c9600000, 0x00000000c9700000, 0x00000000c9700000|100%| O|  |TAMS 0x00000000c9700000| PB 0x00000000c9600000| Untracked |  0
|   3|0x00000000c9700000, 0x00000000c9800000, 0x00000000c9800000|100%| O|  |TAMS 0x00000000c9800000| PB 0x00000000c9700000| Untracked |  0
|   4|0x00000000c9800000, 0x00000000c9900000, 0x00000000c9900000|100%| O|  |TAMS 0x00000000c9900000| PB 0x00000000c9800000| Untracked |  0
|   5|0x00000000c9900000, 0x00000000c9a00000, 0x00000000c9a00000|100%| O|  |TAMS 0x00000000c9a00000| PB 0x00000000c9900000| Untracked |  0
|   6|0x00000000c9a00000, 0x00000000c9b00000, 0x00000000c9b00000|100%| O|  |TAMS 0x00000000c9b00000| PB 0x00000000c9a00000| Untracked |  0
|   7|0x00000000c9b00000, 0x00000000c9c00000, 0x00000000c9c00000|100%| O|  |TAMS 0x00000000c9c00000| PB 0x00000000c9b00000| Untracked |  0
|   8|0x00000000c9c00000, 0x00000000c9d00000, 0x00000000c9d00000|100%| O|  |TAMS 0x00000000c9d00000| PB 0x00000000c9c00000| Untracked |  0
|   9|0x00000000c9d00000, 0x00000000c9e00000, 0x00000000c9e00000|100%| O|  |TAMS 0x00000000c9e00000| PB 0x00000000c9d00000| Untracked |  0
|  10|0x00000000c9e00000, 0x00000000c9f00000, 0x00000000c9f00000|100%| O|  |TAMS 0x00000000c9f00000| PB 0x00000000c9e00000| Untracked |  0
|  11|0x00000000c9f00000, 0x00000000ca000000, 0x00000000ca000000|100%| O|  |TAMS 0x00000000ca000000| PB 0x00000000c9f00000| Untracked |  0
|  12|0x00000000ca000000, 0x00000000ca000000, 0x00000000ca100000|  0%| F|  |TAMS 0x00000000ca000000| PB 0x00000000ca000000| Untracked |  0
|  13|0x00000000ca100000, 0x00000000ca100000, 0x00000000ca200000|  0%| F|  |TAMS 0x00000000ca100000| PB 0x00000000ca100000| Untracked |  0
|  14|0x00000000ca200000, 0x00000000ca200000, 0x00000000ca300000|  0%| F|  |TAMS 0x00000000ca200000| PB 0x00000000ca200000| Untracked |  0
|  15|0x00000000ca300000, 0x00000000ca300000, 0x00000000ca400000|  0%| F|  |TAMS 0x00000000ca300000| PB 0x00000000ca300000| Untracked |  0
|  16|0x00000000ca400000, 0x00000000ca400000, 0x00000000ca500000|  0%| F|  |TAMS 0x00000000ca400000| PB 0x00000000ca400000| Untracked |  0
|  17|0x00000000ca500000, 0x00000000ca500000, 0x00000000ca600000|  0%| F|  |TAMS 0x00000000ca500000| PB 0x00000000ca500000| Untracked |  0
|  18|0x00000000ca600000, 0x00000000ca700000, 0x00000000ca700000|100%| O|  |TAMS 0x00000000ca700000| PB 0x00000000ca600000| Untracked |  0
|  19|0x00000000ca700000, 0x00000000ca800000, 0x00000000ca800000|100%| O|  |TAMS 0x00000000ca800000| PB 0x00000000ca700000| Untracked |  0
|  20|0x00000000ca800000, 0x00000000ca900000, 0x00000000ca900000|100%| O|  |TAMS 0x00000000ca900000| PB 0x00000000ca800000| Untracked |  0
|  21|0x00000000ca900000, 0x00000000caa00000, 0x00000000caa00000|100%|HS|  |TAMS 0x00000000caa00000| PB 0x00000000ca900000| Complete |  0
|  22|0x00000000caa00000, 0x00000000cab00000, 0x00000000cab00000|100%|HC|  |TAMS 0x00000000cab00000| PB 0x00000000caa00000| Complete |  0
|  23|0x00000000cab00000, 0x00000000cac00000, 0x00000000cac00000|100%|HC|  |TAMS 0x00000000cac00000| PB 0x00000000cab00000| Complete |  0
|  24|0x00000000cac00000, 0x00000000cad00000, 0x00000000cad00000|100%|HC|  |TAMS 0x00000000cad00000| PB 0x00000000cac00000| Complete |  0
|  25|0x00000000cad00000, 0x00000000cae00000, 0x00000000cae00000|100%|HS|  |TAMS 0x00000000cae00000| PB 0x00000000cad00000| Complete |  0
|  26|0x00000000cae00000, 0x00000000caf00000, 0x00000000caf00000|100%|HC|  |TAMS 0x00000000caf00000| PB 0x00000000cae00000| Complete |  0
|  27|0x00000000caf00000, 0x00000000cb000000, 0x00000000cb000000|100%|HC|  |TAMS 0x00000000cb000000| PB 0x00000000caf00000| Complete |  0
|  28|0x00000000cb000000, 0x00000000cb100000, 0x00000000cb100000|100%|HC|  |TAMS 0x00000000cb100000| PB 0x00000000cb000000| Complete |  0
|  29|0x00000000cb100000, 0x00000000cb200000, 0x00000000cb200000|100%| O|  |TAMS 0x00000000cb200000| PB 0x00000000cb100000| Untracked |  0
|  30|0x00000000cb200000, 0x00000000cb2cd1f0, 0x00000000cb300000| 80%| O|  |TAMS 0x00000000cb2c5900| PB 0x00000000cb200000| Untracked |  0
|  31|0x00000000cb300000, 0x00000000cb300000, 0x00000000cb400000|  0%| F|  |TAMS 0x00000000cb300000| PB 0x00000000cb300000| Untracked |  0
|  32|0x00000000cb400000, 0x00000000cb400000, 0x00000000cb500000|  0%| F|  |TAMS 0x00000000cb400000| PB 0x00000000cb400000| Untracked |  0
|  33|0x00000000cb500000, 0x00000000cb500000, 0x00000000cb600000|  0%| F|  |TAMS 0x00000000cb500000| PB 0x00000000cb500000| Untracked |  0
|  34|0x00000000cb600000, 0x00000000cb600000, 0x00000000cb700000|  0%| F|  |TAMS 0x00000000cb600000| PB 0x00000000cb600000| Untracked |  0
|  35|0x00000000cb700000, 0x00000000cb700000, 0x00000000cb800000|  0%| F|  |TAMS 0x00000000cb700000| PB 0x00000000cb700000| Untracked |  0
|  36|0x00000000cb800000, 0x00000000cb800000, 0x00000000cb900000|  0%| F|  |TAMS 0x00000000cb800000| PB 0x00000000cb800000| Untracked |  0
|  37|0x00000000cb900000, 0x00000000cb900000, 0x00000000cba00000|  0%| F|  |TAMS 0x00000000cb900000| PB 0x00000000cb900000| Untracked |  0
|  38|0x00000000cba00000, 0x00000000cba00000, 0x00000000cbb00000|  0%| F|  |TAMS 0x00000000cba00000| PB 0x00000000cba00000| Untracked |  0
|  39|0x00000000cbb00000, 0x00000000cbb00000, 0x00000000cbc00000|  0%| F|  |TAMS 0x00000000cbb00000| PB 0x00000000cbb00000| Untracked |  0
|  40|0x00000000cbc00000, 0x00000000cbc00000, 0x00000000cbd00000|  0%| F|  |TAMS 0x00000000cbc00000| PB 0x00000000cbc00000| Untracked |  0
|  41|0x00000000cbd00000, 0x00000000cbd00000, 0x00000000cbe00000|  0%| F|  |TAMS 0x00000000cbd00000| PB 0x00000000cbd00000| Untracked |  0
|  42|0x00000000cbe00000, 0x00000000cbe00000, 0x00000000cbf00000|  0%| F|  |TAMS 0x00000000cbe00000| PB 0x00000000cbe00000| Untracked |  0
|  43|0x00000000cbf00000, 0x00000000cbf00000, 0x00000000cc000000|  0%| F|  |TAMS 0x00000000cbf00000| PB 0x00000000cbf00000| Untracked |  0
|  44|0x00000000cc000000, 0x00000000cc000000, 0x00000000cc100000|  0%| F|  |TAMS 0x00000000cc000000| PB 0x00000000cc000000| Untracked |  0
|  45|0x00000000cc100000, 0x00000000cc100000, 0x00000000cc200000|  0%| F|  |TAMS 0x00000000cc100000| PB 0x00000000cc100000| Untracked |  0
|  46|0x00000000cc200000, 0x00000000cc200000, 0x00000000cc300000|  0%| F|  |TAMS 0x00000000cc200000| PB 0x00000000cc200000| Untracked |  0
|  47|0x00000000cc300000, 0x00000000cc300000, 0x00000000cc400000|  0%| F|  |TAMS 0x00000000cc300000| PB 0x00000000cc300000| Untracked |  0
|  48|0x00000000cc400000, 0x00000000cc400000, 0x00000000cc500000|  0%| F|  |TAMS 0x00000000cc400000| PB 0x00000000cc400000| Untracked |  0
|  49|0x00000000cc500000, 0x00000000cc500000, 0x00000000cc600000|  0%| F|  |TAMS 0x00000000cc500000| PB 0x00000000cc500000| Untracked |  0
|  50|0x00000000cc600000, 0x00000000cc600000, 0x00000000cc700000|  0%| F|  |TAMS 0x00000000cc600000| PB 0x00000000cc600000| Untracked |  0
|  51|0x00000000cc700000, 0x00000000cc700000, 0x00000000cc800000|  0%| F|  |TAMS 0x00000000cc700000| PB 0x00000000cc700000| Untracked |  0
|  52|0x00000000cc800000, 0x00000000cc800000, 0x00000000cc900000|  0%| F|  |TAMS 0x00000000cc800000| PB 0x00000000cc800000| Untracked |  0
|  53|0x00000000cc900000, 0x00000000cc900000, 0x00000000cca00000|  0%| F|  |TAMS 0x00000000cc900000| PB 0x00000000cc900000| Untracked |  0
|  54|0x00000000cca00000, 0x00000000cca00000, 0x00000000ccb00000|  0%| F|  |TAMS 0x00000000cca00000| PB 0x00000000cca00000| Untracked |  0
|  55|0x00000000ccb00000, 0x00000000ccb00000, 0x00000000ccc00000|  0%| F|  |TAMS 0x00000000ccb00000| PB 0x00000000ccb00000| Untracked |  0
|  56|0x00000000ccc00000, 0x00000000ccc00000, 0x00000000ccd00000|  0%| F|  |TAMS 0x00000000ccc00000| PB 0x00000000ccc00000| Untracked |  0
|  57|0x00000000ccd00000, 0x00000000ccd00000, 0x00000000cce00000|  0%| F|  |TAMS 0x00000000ccd00000| PB 0x00000000ccd00000| Untracked |  0
|  58|0x00000000cce00000, 0x00000000cce00000, 0x00000000ccf00000|  0%| F|  |TAMS 0x00000000cce00000| PB 0x00000000cce00000| Untracked |  0
|  59|0x00000000ccf00000, 0x00000000ccf00000, 0x00000000cd000000|  0%| F|  |TAMS 0x00000000ccf00000| PB 0x00000000ccf00000| Untracked |  0
|  60|0x00000000cd000000, 0x00000000cd000000, 0x00000000cd100000|  0%| F|  |TAMS 0x00000000cd000000| PB 0x00000000cd000000| Untracked |  0
|  61|0x00000000cd100000, 0x00000000cd106568, 0x00000000cd200000|  2%| S|CS|TAMS 0x00000000cd100000| PB 0x00000000cd100000| Complete |  0
|  62|0x00000000cd200000, 0x00000000cd200000, 0x00000000cd300000|  0%| F|  |TAMS 0x00000000cd200000| PB 0x00000000cd200000| Untracked |  0
|  63|0x00000000cd300000, 0x00000000cd300000, 0x00000000cd400000|  0%| F|  |TAMS 0x00000000cd300000| PB 0x00000000cd300000| Untracked |  0
|  64|0x00000000cd400000, 0x00000000cd400000, 0x00000000cd500000|  0%| F|  |TAMS 0x00000000cd400000| PB 0x00000000cd400000| Untracked |  0
|  65|0x00000000cd500000, 0x00000000cd500000, 0x00000000cd600000|  0%| F|  |TAMS 0x00000000cd500000| PB 0x00000000cd500000| Untracked |  0
|  66|0x00000000cd600000, 0x00000000cd600000, 0x00000000cd700000|  0%| F|  |TAMS 0x00000000cd600000| PB 0x00000000cd600000| Untracked |  0
|  67|0x00000000cd700000, 0x00000000cd700000, 0x00000000cd800000|  0%| F|  |TAMS 0x00000000cd700000| PB 0x00000000cd700000| Untracked |  0

Card table byte_map: [0x00000223b0190000,0x00000223b0350000] _byte_map_base: 0x00000223afb46000

Marking Bits: (CMBitMap*) 0x0000022398e70e70
 Bits: [0x00000223b0350000, 0x00000223b1100000)

Polling page: 0x0000022396dd0000

Metaspace:

Usage:
  Non-class:     17.94 MB used.
      Class:      2.72 MB used.
       Both:     20.66 MB used.

Virtual space:
  Non-class space:       64.00 MB reserved,      18.06 MB ( 28%) committed,  1 nodes.
      Class space:        1.00 GB reserved,       2.81 MB ( <1%) committed,  1 nodes.
             Both:        1.06 GB reserved,      20.88 MB (  2%) committed. 

Chunk freelists:
   Non-Class:  13.00 MB
       Class:  13.14 MB
        Both:  26.14 MB

MaxMetaspaceSize: unlimited
CompressedClassSpaceSize: 1.00 GB
Initial GC threshold: 21.00 MB
Current GC threshold: 34.81 MB
CDS: on
 - commit_granule_bytes: 65536.
 - commit_granule_words: 8192.
 - virtual_space_node_default_size: 8388608.
 - enlarge_chunks_in_place: 1.
 - use_allocation_guard: 0.


Internal statistics:

num_allocs_failed_limit: 0.
num_arena_births: 226.
num_arena_deaths: 0.
num_vsnodes_births: 2.
num_vsnodes_deaths: 0.
num_space_committed: 334.
num_space_uncommitted: 0.
num_chunks_returned_to_freelist: 0.
num_chunks_taken_from_freelist: 539.
num_chunk_merges: 0.
num_chunk_splits: 364.
num_chunks_enlarged: 255.
num_inconsistent_stats: 0.

CodeHeap 'non-profiled nmethods': size=120000Kb used=1236Kb max_used=1273Kb free=118763Kb
 bounds [0x00000223a8c60000, 0x00000223a8ed0000, 0x00000223b0190000]
CodeHeap 'profiled nmethods': size=120000Kb used=5439Kb max_used=5883Kb free=114560Kb
 bounds [0x00000223a1190000, 0x00000223a1750000, 0x00000223a86c0000]
CodeHeap 'non-nmethods': size=5760Kb used=1786Kb max_used=1816Kb free=3973Kb
 bounds [0x00000223a86c0000, 0x00000223a8930000, 0x00000223a8c60000]
 total_blobs=3869 nmethods=3062 adapters=710
 compilation: enabled
              stopped_count=0, restarted_count=0
 full_count=0

Compilation events (20 events):
Event: 7.174 Thread 0x00000223b36b7f40 3397       3       java.awt.image.WritableRaster::<init> (12 bytes)
Event: 7.174 Thread 0x00000223b36b7f40 nmethod 3397 0x00000223a133b190 code [0x00000223a133b340, 0x00000223a133b478]
Event: 7.174 Thread 0x00000223b36b7f40 3398       3       java.awt.image.Raster::<init> (207 bytes)
Event: 7.175 Thread 0x00000223b36b7f40 nmethod 3398 0x00000223a1305a90 code [0x00000223a1305ce0, 0x00000223a1306548]
Event: 7.177 Thread 0x00000223b3689690 3399       4       sun.java2d.marlin.MarlinCache::touchTile (163 bytes)
Event: 7.178 Thread 0x00000223b36b7f40 3401       3       java.util.Arrays::fill (21 bytes)
Event: 7.178 Thread 0x00000223b36b7f40 nmethod 3401 0x00000223a1729b10 code [0x00000223a1729ca0, 0x00000223a1729e38]
Event: 7.182 Thread 0x00000223b3689690 nmethod 3399 0x00000223a8d23b10 code [0x00000223a8d23ca0, 0x00000223a8d23fc0]
Event: 7.182 Thread 0x00000223b3689690 3400 %     4       sun.java2d.marlin.MarlinCache::copyAARowNoRLE @ 204 (362 bytes)
Event: 7.193 Thread 0x00000223b3689690 nmethod 3400% 0x00000223a8d23110 code [0x00000223a8d232c0, 0x00000223a8d23810]
Event: 7.196 Thread 0x00000223b3689690 3402       4       java.awt.image.BufferedImage::getSampleModel (8 bytes)
Event: 7.196 Thread 0x00000223b3689690 nmethod 3402 0x00000223a8d22e10 code [0x00000223a8d22f80, 0x00000223a8d23028]
Event: 7.197 Thread 0x00000223b3689690 3403       4       com.sun.imageio.plugins.png.PNGImageReader::updateImageProgress (30 bytes)
Event: 7.198 Thread 0x00000223b3689690 nmethod 3403 0x00000223a8d03a10 code [0x00000223a8d03bc0, 0x00000223a8d03c90]
Event: 7.198 Thread 0x00000223b3689690 3406       4       sun.awt.image.ByteInterleavedRaster::setDataElements (263 bytes)
Event: 7.201 Thread 0x00000223b3689690 nmethod 3406 0x00000223a8d03310 code [0x00000223a8d034c0, 0x00000223a8d03768]
Event: 7.202 Thread 0x00000223b3689690 3405       4       sun.awt.image.ByteInterleavedRaster::setRect (187 bytes)
Event: 7.206 Thread 0x00000223b3689690 nmethod 3405 0x00000223a8d02a10 code [0x00000223a8d02bc0, 0x00000223a8d02f50]
Event: 7.206 Thread 0x00000223b3689690 3407       4       java.io.FilterInputStream::read (8 bytes)
Event: 7.214 Thread 0x00000223b36b7f40 3409       3       java.awt.image.SampleModel::<init> (124 bytes)

GC Heap History (20 events):
Event: 6.560 GC heap after
{Heap after GC invocations=14 (full 0):
 garbage-first heap   total reserved 897024K, committed 57344K, used 24388K [0x00000000c9400000, 0x0000000100000000)
  region size 1024K, 1 young (1024K), 1 survivors (1024K)
 Metaspace       used 21066K, committed 21312K, reserved 1114112K
  class space    used 2781K, committed 2880K, reserved 1048576K
}
Event: 6.562 GC heap before
{Heap before GC invocations=14 (full 0):
 garbage-first heap   total reserved 897024K, committed 57344K, used 28484K [0x00000000c9400000, 0x0000000100000000)
  region size 1024K, 2 young (2048K), 1 survivors (1024K)
 Metaspace       used 21066K, committed 21312K, reserved 1114112K
  class space    used 2781K, committed 2880K, reserved 1048576K
}
Event: 6.563 GC heap after
{Heap after GC invocations=15 (full 0):
 garbage-first heap   total reserved 897024K, committed 57344K, used 26437K [0x00000000c9400000, 0x0000000100000000)
  region size 1024K, 1 young (1024K), 1 survivors (1024K)
 Metaspace       used 21066K, committed 21312K, reserved 1114112K
  class space    used 2781K, committed 2880K, reserved 1048576K
}
Event: 6.692 GC heap before
{Heap before GC invocations=16 (full 0):
 garbage-first heap   total reserved 897024K, committed 57344K, used 30533K [0x00000000c9400000, 0x0000000100000000)
  region size 1024K, 2 young (2048K), 1 survivors (1024K)
 Metaspace       used 21094K, committed 21312K, reserved 1114112K
  class space    used 2781K, committed 2880K, reserved 1048576K
}
Event: 6.695 GC heap after
{Heap after GC invocations=17 (full 0):
 garbage-first heap   total reserved 897024K, committed 57344K, used 30563K [0x00000000c9400000, 0x0000000100000000)
  region size 1024K, 1 young (1024K), 1 survivors (1024K)
 Metaspace       used 21094K, committed 21312K, reserved 1114112K
  class space    used 2781K, committed 2880K, reserved 1048576K
}
Event: 6.840 GC heap before
{Heap before GC invocations=18 (full 0):
 garbage-first heap   total reserved 897024K, committed 57344K, used 29539K [0x00000000c9400000, 0x0000000100000000)
  region size 1024K, 7 young (7168K), 1 survivors (1024K)
 Metaspace       used 21107K, committed 21312K, reserved 1114112K
  class space    used 2781K, committed 2880K, reserved 1048576K
}
Event: 6.841 GC heap after
{Heap after GC invocations=19 (full 0):
 garbage-first heap   total reserved 897024K, committed 57344K, used 24391K [0x00000000c9400000, 0x0000000100000000)
  region size 1024K, 1 young (1024K), 1 survivors (1024K)
 Metaspace       used 21107K, committed 21312K, reserved 1114112K
  class space    used 2781K, committed 2880K, reserved 1048576K
}
Event: 6.845 GC heap before
{Heap before GC invocations=19 (full 0):
 garbage-first heap   total reserved 897024K, committed 57344K, used 28487K [0x00000000c9400000, 0x0000000100000000)
  region size 1024K, 2 young (2048K), 1 survivors (1024K)
 Metaspace       used 21107K, committed 21312K, reserved 1114112K
  class space    used 2781K, committed 2880K, reserved 1048576K
}
Event: 6.847 GC heap after
{Heap after GC invocations=20 (full 0):
 garbage-first heap   total reserved 897024K, committed 69632K, used 28489K [0x00000000c9400000, 0x0000000100000000)
  region size 1024K, 1 young (1024K), 1 survivors (1024K)
 Metaspace       used 21107K, committed 21312K, reserved 1114112K
  class space    used 2781K, committed 2880K, reserved 1048576K
}
Event: 6.978 GC heap before
{Heap before GC invocations=20 (full 0):
 garbage-first heap   total reserved 897024K, committed 69632K, used 32585K [0x00000000c9400000, 0x0000000100000000)
  region size 1024K, 2 young (2048K), 1 survivors (1024K)
 Metaspace       used 21133K, committed 21376K, reserved 1114112K
  class space    used 2781K, committed 2880K, reserved 1048576K
}
Event: 6.980 GC heap after
{Heap after GC invocations=21 (full 0):
 garbage-first heap   total reserved 897024K, committed 69632K, used 30560K [0x00000000c9400000, 0x0000000100000000)
  region size 1024K, 1 young (1024K), 1 survivors (1024K)
 Metaspace       used 21133K, committed 21376K, reserved 1114112K
  class space    used 2781K, committed 2880K, reserved 1048576K
}
Event: 7.013 GC heap before
{Heap before GC invocations=21 (full 0):
 garbage-first heap   total reserved 897024K, committed 69632K, used 32608K [0x00000000c9400000, 0x0000000100000000)
  region size 1024K, 3 young (3072K), 1 survivors (1024K)
 Metaspace       used 21133K, committed 21376K, reserved 1114112K
  class space    used 2781K, committed 2880K, reserved 1048576K
}
Event: 7.014 GC heap after
{Heap after GC invocations=22 (full 0):
 garbage-first heap   total reserved 897024K, committed 69632K, used 18244K [0x00000000c9400000, 0x0000000100000000)
  region size 1024K, 1 young (1024K), 1 survivors (1024K)
 Metaspace       used 21133K, committed 21376K, reserved 1114112K
  class space    used 2781K, committed 2880K, reserved 1048576K
}
Event: 7.075 GC heap before
{Heap before GC invocations=22 (full 0):
 garbage-first heap   total reserved 897024K, committed 69632K, used 32580K [0x00000000c9400000, 0x0000000100000000)
  region size 1024K, 6 young (6144K), 1 survivors (1024K)
 Metaspace       used 21137K, committed 21376K, reserved 1114112K
  class space    used 2781K, committed 2880K, reserved 1048576K
}
Event: 7.076 GC heap after
{Heap after GC invocations=23 (full 0):
 garbage-first heap   total reserved 897024K, committed 69632K, used 28489K [0x00000000c9400000, 0x0000000100000000)
  region size 1024K, 1 young (1024K), 1 survivors (1024K)
 Metaspace       used 21137K, committed 21376K, reserved 1114112K
  class space    used 2781K, committed 2880K, reserved 1048576K
}
Event: 7.131 GC heap before
{Heap before GC invocations=23 (full 0):
 garbage-first heap   total reserved 897024K, committed 69632K, used 33609K [0x00000000c9400000, 0x0000000100000000)
  region size 1024K, 3 young (3072K), 1 survivors (1024K)
 Metaspace       used 21153K, committed 21376K, reserved 1114112K
  class space    used 2781K, committed 2880K, reserved 1048576K
}
Event: 7.132 GC heap after
{Heap after GC invocations=24 (full 0):
 garbage-first heap   total reserved 897024K, committed 69632K, used 31584K [0x00000000c9400000, 0x0000000100000000)
  region size 1024K, 1 young (1024K), 1 survivors (1024K)
 Metaspace       used 21153K, committed 21376K, reserved 1114112K
  class space    used 2781K, committed 2880K, reserved 1048576K
}
Event: 7.181 GC heap before
{Heap before GC invocations=25 (full 0):
 garbage-first heap   total reserved 897024K, committed 69632K, used 35680K [0x00000000c9400000, 0x0000000100000000)
  region size 1024K, 3 young (3072K), 1 survivors (1024K)
 Metaspace       used 21155K, committed 21376K, reserved 1114112K
  class space    used 2781K, committed 2880K, reserved 1048576K
}
Event: 7.182 GC heap after
{Heap after GC invocations=26 (full 0):
 garbage-first heap   total reserved 897024K, committed 69632K, used 20322K [0x00000000c9400000, 0x0000000100000000)
  region size 1024K, 1 young (1024K), 1 survivors (1024K)
 Metaspace       used 21155K, committed 21376K, reserved 1114112K
  class space    used 2781K, committed 2880K, reserved 1048576K
}
Event: 7.215 GC heap before
{Heap before GC invocations=26 (full 0):
 garbage-first heap   total reserved 897024K, committed 69632K, used 32610K [0x00000000c9400000, 0x0000000100000000)
  region size 1024K, 6 young (6144K), 1 survivors (1024K)
 Metaspace       used 21155K, committed 21376K, reserved 1114112K
  class space    used 2781K, committed 2880K, reserved 1048576K
}

Dll operation events (11 events):
Event: 0.092 Loaded shared library C:\Program Files\Java\jdk-22\bin\java.dll
Event: 0.174 Loaded shared library C:\Program Files\Java\jdk-22\bin\jsvml.dll
Event: 0.298 Loaded shared library C:\Program Files\Java\jdk-22\bin\net.dll
Event: 0.315 Loaded shared library C:\Program Files\Java\jdk-22\bin\nio.dll
Event: 0.433 Loaded shared library C:\Program Files\Java\jdk-22\bin\zip.dll
Event: 0.503 Loaded shared library C:\Program Files\Java\jdk-22\bin\jimage.dll
Event: 0.554 Loaded shared library C:\Program Files\Java\jdk-22\bin\awt.dll
Event: 1.479 Loaded shared library C:\Program Files\Java\jdk-22\bin\freetype.dll
Event: 1.485 Loaded shared library C:\Program Files\Java\jdk-22\bin\fontmanager.dll
Event: 2.218 Loaded shared library C:\Program Files\Java\jdk-22\bin\extnet.dll
Event: 3.979 Loaded shared library C:\Program Files\Java\jdk-22\bin\javajpeg.dll

Deoptimization events (20 events):
Event: 6.613 Thread 0x00000223b3b2f4c0 DEOPT PACKING pc=0x00000223a8d00e24 sp=0x0000004af09fd240
Event: 6.613 Thread 0x00000223b3b2f4c0 DEOPT UNPACKING pc=0x00000223a87146a2 sp=0x0000004af09fd040 mode 2
Event: 6.613 Thread 0x00000223b3b2f4c0 Uncommon trap: trap_request=0xffffff6e fr.pc=0x00000223a8d96274 relative=0x0000000000003274
Event: 6.613 Thread 0x00000223b3b2f4c0 Uncommon trap: reason=loop_limit_check action=maybe_recompile pc=0x00000223a8d96274 method=sun.java2d.marlin.Renderer._endRendering(II)V @ 1137 c2
Event: 6.613 Thread 0x00000223b3b2f4c0 DEOPT PACKING pc=0x00000223a8d96274 sp=0x0000004af09fd150
Event: 6.613 Thread 0x00000223b3b2f4c0 DEOPT UNPACKING pc=0x00000223a87146a2 sp=0x0000004af09fd040 mode 2
Event: 6.616 Thread 0x00000223b3b2f4c0 DEOPT PACKING pc=0x00000223a16e95cc sp=0x0000004af09fd310
Event: 6.616 Thread 0x00000223b3b2f4c0 DEOPT UNPACKING pc=0x00000223a8714e42 sp=0x0000004af09fc710 mode 0
Event: 6.628 Thread 0x00000223b3b2f4c0 DEOPT PACKING pc=0x00000223a1729e43 sp=0x0000004af09fd260
Event: 6.628 Thread 0x00000223b3b2f4c0 DEOPT UNPACKING pc=0x00000223a8714e42 sp=0x0000004af09fc710 mode 0
Event: 6.638 Thread 0x00000223b3b2f4c0 DEOPT PACKING pc=0x00000223a1729e43 sp=0x0000004af09fcdd0
Event: 6.638 Thread 0x00000223b3b2f4c0 DEOPT UNPACKING pc=0x00000223a8714e42 sp=0x0000004af09fc280 mode 0
Event: 6.662 Thread 0x00000223b3b2f4c0 DEOPT PACKING pc=0x00000223a1729e43 sp=0x0000004af09fd230
Event: 6.662 Thread 0x00000223b3b2f4c0 DEOPT UNPACKING pc=0x00000223a8714e42 sp=0x0000004af09fc6e0 mode 0
Event: 6.667 Thread 0x00000223b3b2f4c0 DEOPT PACKING pc=0x00000223a16e95cc sp=0x0000004af09fce90
Event: 6.667 Thread 0x00000223b3b2f4c0 DEOPT UNPACKING pc=0x00000223a8714e42 sp=0x0000004af09fc290 mode 0
Event: 6.933 Thread 0x00000223b3b2f4c0 DEOPT PACKING pc=0x00000223a172aade sp=0x0000004af09fcce0
Event: 6.933 Thread 0x00000223b3b2f4c0 DEOPT UNPACKING pc=0x00000223a8714e42 sp=0x0000004af09fc068 mode 0
Event: 6.964 Thread 0x00000223b3b2f4c0 DEOPT PACKING pc=0x00000223a16e95cc sp=0x0000004af09fcdf0
Event: 6.964 Thread 0x00000223b3b2f4c0 DEOPT UNPACKING pc=0x00000223a8714e42 sp=0x0000004af09fc1f0 mode 0

Classes loaded (20 events):
Event: 6.102 Loading class java/awt/Container$MouseEventTargetFilter
Event: 6.103 Loading class java/awt/Container$EventTargetFilter
Event: 6.103 Loading class java/awt/Container$EventTargetFilter done
Event: 6.103 Loading class java/awt/Container$MouseEventTargetFilter done
Event: 6.103 Loading class java/awt/LightweightDispatcher$1
Event: 6.103 Loading class java/awt/LightweightDispatcher$1 done
Event: 6.106 Loading class java/awt/event/MouseWheelEvent
Event: 6.106 Loading class java/awt/event/MouseWheelEvent done
Event: 6.106 Loading class java/awt/TextComponent
Event: 6.107 Loading class java/awt/TextComponent done
Event: 6.380 Loading class java/awt/KeyboardFocusManager$3
Event: 6.381 Loading class java/awt/KeyboardFocusManager$3 done
Event: 6.414 Loading class sun/awt/im/CompositionAreaHandler
Event: 6.415 Loading class sun/awt/im/CompositionAreaHandler done
Event: 6.415 Loading class java/text/AttributedString
Event: 6.416 Loading class java/text/AttributedString done
Event: 6.416 Loading class java/text/AttributedString$AttributedStringIterator
Event: 6.416 Loading class java/text/AttributedCharacterIterator
Event: 6.417 Loading class java/text/AttributedCharacterIterator done
Event: 6.417 Loading class java/text/AttributedString$AttributedStringIterator done

Classes unloaded (0 events):
No events

Classes redefined (0 events):
No events

Internal exceptions (20 events):
Event: 1.114 Thread 0x00000223b3b2f4c0 Exception <a 'java/lang/NoSuchMethodError'{0x00000000cc67a330}: 'java.lang.Object java.lang.invoke.DirectMethodHandle$Holder.newInvokeSpecial(java.lang.Object, java.lang.Object, java.lang.Object, java.lang.Object, java.lang.Object)'> (0x00000000cc67a330) 
thrown [s\open\src\hotspot\share\interpreter\linkResolver.cpp, line 774]
Event: 1.125 Thread 0x00000223b3b2f4c0 Exception <a 'java/lang/NoSuchMethodError'{0x00000000cc6a6ea8}: 'java.lang.Object java.lang.invoke.DirectMethodHandle$Holder.invokeStatic(java.lang.Object, int, java.lang.Object)'> (0x00000000cc6a6ea8) 
thrown [s\open\src\hotspot\share\interpreter\linkResolver.cpp, line 774]
Event: 1.170 Thread 0x00000223b3b2f4c0 Exception <a 'java/lang/ClassNotFoundException'{0x00000000cc549290}: com/sun/swing/internal/plaf/metal/resources/spi/metalProvider> (0x00000000cc549290) 
thrown [s\open\src\hotspot\share\classfile\systemDictionary.cpp, line 313]
Event: 1.172 Thread 0x00000223b3b2f4c0 Exception <a 'java/lang/ClassNotFoundException'{0x00000000cc54d1f0}: com/sun/swing/internal/plaf/basic/resources/spi/basicProvider> (0x00000000cc54d1f0) 
thrown [s\open\src\hotspot\share\classfile\systemDictionary.cpp, line 313]
Event: 1.191 Thread 0x00000223b3b2f4c0 Exception <a 'java/lang/NoSuchMethodError'{0x00000000cc56cab0}: 'int java.lang.invoke.Invokers$Holder.invokeExact_MT(java.lang.Object, java.lang.Object)'> (0x00000000cc56cab0) 
thrown [s\open\src\hotspot\share\interpreter\linkResolver.cpp, line 774]
Event: 1.382 Thread 0x00000223fb403e20 Exception <a 'java/lang/NoSuchMethodError'{0x00000000cc387af8}: 'java.lang.Object java.lang.invoke.DirectMethodHandle$Holder.newInvokeSpecial(java.lang.Object, java.lang.Object, java.lang.Object, int, int, int, int, int)'> (0x00000000cc387af8) 
thrown [s\open\src\hotspot\share\interpreter\linkResolver.cpp, line 774]
Event: 1.765 Thread 0x00000223b3b2f4c0 Exception <a 'java/lang/NoSuchMethodError'{0x00000000cc295f08}: 'void java.lang.invoke.DirectMethodHandle$Holder.invokeStatic(java.lang.Object, java.lang.Object)'> (0x00000000cc295f08) 
thrown [s\open\src\hotspot\share\interpreter\linkResolver.cpp, line 774]
Event: 1.886 Thread 0x00000223b3b2f4c0 Exception <a 'java/lang/NoSuchMethodError'{0x00000000cc180a00}: 'java.lang.Object java.lang.invoke.DirectMethodHandle$Holder.invokeInterface(java.lang.Object, java.lang.Object)'> (0x00000000cc180a00) 
thrown [s\open\src\hotspot\share\interpreter\linkResolver.cpp, line 774]
Event: 1.945 Thread 0x00000223b3b2f4c0 Exception <a 'java/lang/NoSuchMethodError'{0x00000000cc007bf0}: 'void java.lang.invoke.DirectMethodHandle$Holder.invokeStatic(java.lang.Object, java.lang.Object, java.lang.Object)'> (0x00000000cc007bf0) 
thrown [s\open\src\hotspot\share\interpreter\linkResolver.cpp, line 774]
Event: 1.950 Thread 0x00000223b3b2f4c0 Exception <a 'java/lang/NoSuchMethodError'{0x00000000cc010b68}: 'java.lang.Object java.lang.invoke.DirectMethodHandle$Holder.invokeVirtual(java.lang.Object, java.lang.Object, java.lang.Object)'> (0x00000000cc010b68) 
thrown [s\open\src\hotspot\share\interpreter\linkResolver.cpp, line 774]
Event: 2.572 Thread 0x00000223b3b2f4c0 Exception <a 'java/lang/NoSuchMethodError'{0x00000000cc797e98}: 'java.lang.Object java.lang.invoke.DirectMethodHandle$Holder.invokeStaticInit(java.lang.Object, int, int, int, int)'> (0x00000000cc797e98) 
thrown [s\open\src\hotspot\share\interpreter\linkResolver.cpp, line 774]
Event: 2.632 Thread 0x00000223b3b2f4c0 Exception <a 'java/lang/NoSuchMethodError'{0x00000000cc6541b8}: 'java.lang.Object java.lang.invoke.DirectMethodHandle$Holder.invokeStaticInit(java.lang.Object, java.lang.Object, int, int, int, int)'> (0x00000000cc6541b8) 
thrown [s\open\src\hotspot\share\interpreter\linkResolver.cpp, line 774]
Event: 4.042 Thread 0x00000223fb403e20 Implicit null exception at 0x00000223a8d2c52b to 0x00000223a8d2c6b4
Event: 4.481 Thread 0x00000223b3b2f4c0 Implicit null exception at 0x00000223a8d2343a to 0x00000223a8d241d8
Event: 4.799 Thread 0x00000223b3b2f4c0 Exception <a 'java/lang/NoSuchMethodError'{0x00000000ccb86ab8}: 'java.lang.Object java.lang.invoke.DirectMethodHandle$Holder.invokeSpecial(java.lang.Object, java.lang.Object, java.lang.Object, java.lang.Object, int)'> (0x00000000ccb86ab8) 
thrown [s\open\src\hotspot\share\interpreter\linkResolver.cpp, line 774]
Event: 4.799 Thread 0x00000223b3b2f4c0 Exception <a 'java/lang/NoSuchMethodError'{0x00000000ccb8a410}: 'java.lang.Object java.lang.invoke.Invokers$Holder.linkToTargetMethod(java.lang.Object, java.lang.Object, int, java.lang.Object)'> (0x00000000ccb8a410) 
thrown [s\open\src\hotspot\share\interpreter\linkResolver.cpp, line 774]
Event: 5.090 Thread 0x00000223b3b2f4c0 Exception <a 'java/lang/NoSuchMethodError'{0x00000000cc814390}: 'void java.lang.invoke.DirectMethodHandle$Holder.invokeStaticInit(java.lang.Object)'> (0x00000000cc814390) 
thrown [s\open\src\hotspot\share\interpreter\linkResolver.cpp, line 774]
Event: 5.326 Thread 0x00000223b3b2f4c0 Implicit null exception at 0x00000223a8d6882e to 0x00000223a8d68958
Event: 5.418 Thread 0x00000223b3b240b0 Exception <a 'java/lang/NoSuchMethodError'{0x00000000cc9f3840}: 'void java.lang.invoke.DirectMethodHandle$Holder.invokeVirtual(java.lang.Object, java.lang.Object)'> (0x00000000cc9f3840) 
thrown [s\open\src\hotspot\share\interpreter\linkResolver.cpp, line 774]
Event: 5.427 Thread 0x00000223b3b2f4c0 Implicit null exception at 0x00000223a8d25d95 to 0x00000223a8d25e84

ZGC Phase Switch (0 events):
No events

VM Operations (20 events):
Event: 6.735 Executing VM operation: G1PauseCleanup done
Event: 6.840 Executing VM operation: G1TryInitiateConcMark (G1 Humongous Allocation)
Event: 6.841 Executing VM operation: G1TryInitiateConcMark (G1 Humongous Allocation) done
Event: 6.845 Executing VM operation: G1TryInitiateConcMark (G1 Humongous Allocation)
Event: 6.847 Executing VM operation: G1TryInitiateConcMark (G1 Humongous Allocation) done
Event: 6.978 Executing VM operation: G1TryInitiateConcMark (G1 Humongous Allocation)
Event: 6.980 Executing VM operation: G1TryInitiateConcMark (G1 Humongous Allocation) done
Event: 7.013 Executing VM operation: G1TryInitiateConcMark (G1 Humongous Allocation)
Event: 7.014 Executing VM operation: G1TryInitiateConcMark (G1 Humongous Allocation) done
Event: 7.075 Executing VM operation: G1TryInitiateConcMark (G1 Humongous Allocation)
Event: 7.076 Executing VM operation: G1TryInitiateConcMark (G1 Humongous Allocation) done
Event: 7.131 Executing VM operation: G1TryInitiateConcMark (G1 Humongous Allocation)
Event: 7.132 Executing VM operation: G1TryInitiateConcMark (G1 Humongous Allocation) done
Event: 7.155 Executing VM operation: G1PauseRemark
Event: 7.158 Executing VM operation: G1PauseRemark done
Event: 7.166 Executing VM operation: G1PauseCleanup
Event: 7.166 Executing VM operation: G1PauseCleanup done
Event: 7.181 Executing VM operation: G1TryInitiateConcMark (G1 Humongous Allocation)
Event: 7.182 Executing VM operation: G1TryInitiateConcMark (G1 Humongous Allocation) done
Event: 7.215 Executing VM operation: G1TryInitiateConcMark (G1 Humongous Allocation)

Memory protections (0 events):
No events

Nmethod flushes (20 events):
Event: 6.320 Thread 0x00000223b365ff40 flushing  nmethod 0x00000223a8d87690
Event: 6.320 Thread 0x00000223b365ff40 flushing  nmethod 0x00000223a144fa90
Event: 6.320 Thread 0x00000223b365ff40 flushing  nmethod 0x00000223a1450710
Event: 6.320 Thread 0x00000223b365ff40 flushing  nmethod 0x00000223a1451590
Event: 6.320 Thread 0x00000223b365ff40 flushing  nmethod 0x00000223a12da710
Event: 6.320 Thread 0x00000223b365ff40 flushing  nmethod 0x00000223a139ab10
Event: 6.320 Thread 0x00000223b365ff40 flushing  nmethod 0x00000223a13c7190
Event: 6.320 Thread 0x00000223b365ff40 flushing  nmethod 0x00000223a145ca90
Event: 6.477 Thread 0x00000223b365ff40 flushing  nmethod 0x00000223a16c4390
Event: 6.588 Thread 0x00000223b365ff40 flushing  nmethod 0x00000223a1713090
Event: 6.588 Thread 0x00000223b365ff40 flushing  nmethod 0x00000223a126b690
Event: 7.158 Thread 0x00000223b365ff40 flushing  nmethod 0x00000223a130cf10
Event: 7.158 Thread 0x00000223b365ff40 flushing  nmethod 0x00000223a133b190
Event: 7.158 Thread 0x00000223b365ff40 flushing  nmethod 0x00000223a16dec90
Event: 7.158 Thread 0x00000223b365ff40 flushing  nmethod 0x00000223a1729b10
Event: 7.158 Thread 0x00000223b365ff40 flushing  nmethod 0x00000223a8cfea90
Event: 7.158 Thread 0x00000223b365ff40 flushing osr nmethod 0x00000223a8d92d10
Event: 7.158 Thread 0x00000223b365ff40 flushing  nmethod 0x00000223a127f690
Event: 7.158 Thread 0x00000223b365ff40 flushing  nmethod 0x00000223a1346a10
Event: 7.158 Thread 0x00000223b365ff40 flushing  nmethod 0x00000223a16edf90

Events (20 events):
Event: 0.167 Thread 0x0000022396cc3c30 Thread added: 0x00000223b36869e0
Event: 0.167 Thread 0x0000022396cc3c30 Thread added: 0x00000223b3687440
Event: 0.167 Thread 0x0000022396cc3c30 Thread added: 0x00000223b3687ea0
Event: 0.167 Thread 0x0000022396cc3c30 Thread added: 0x00000223b3688900
Event: 0.167 Thread 0x0000022396cc3c30 Thread added: 0x00000223b3689690
Event: 0.170 Thread 0x0000022396cc3c30 Thread added: 0x00000223b36b7f40
Event: 0.237 Thread 0x0000022396cc3c30 Thread added: 0x00000223b38c07b0
Event: 0.409 Thread 0x0000022396cc3c30 Thread added: 0x00000223b39fef80
Event: 0.699 Thread 0x0000022396cc3c30 Thread added: 0x00000223b3b1cfa0
Event: 0.703 Thread 0x0000022396cc3c30 Thread added: 0x00000223b3b21630
Event: 0.706 Thread 0x0000022396cc3c30 Thread added: 0x00000223b3b240b0
Event: 0.752 Thread 0x0000022396cc3c30 Thread added: 0x00000223b3b2f4c0
Event: 0.753 Thread 0x0000022396cc3c30 Thread exited: 0x0000022396cc3c30
Event: 0.753 Thread 0x0000022396cc3c30 Thread added: 0x0000022396cc3c30
Event: 1.248 Thread 0x00000223b3b2f4c0 Thread added: 0x00000223fb403e20
Event: 1.635 Thread 0x00000223b3b2f4c0 Thread added: 0x00000223fb47e4f0
Event: 1.695 Thread 0x00000223b3b2f4c0 Thread added: 0x00000223fb401680
Event: 1.767 Thread 0x00000223b3b2f4c0 Thread added: 0x00000223fb5b98e0
Event: 4.338 Thread 0x00000223b3b2f4c0 Thread added: 0x00000223ff2917e0
Event: 5.538 Thread 0x00000223b3b2f4c0 Thread added: 0x00000223ff291e70


Dynamic libraries:
0x00007ff7a42e0000 - 0x00007ff7a42f0000 	C:\Program Files\Java\jdk-22\bin\java.exe
0x00007ffa417e0000 - 0x00007ffa41a46000 	C:\WINDOWS\SYSTEM32\ntdll.dll
0x00007ffa40060000 - 0x00007ffa40129000 	C:\WINDOWS\System32\KERNEL32.DLL
0x00007ffa3ec40000 - 0x00007ffa3f00c000 	C:\WINDOWS\System32\KERNELBASE.dll
0x00007ffa3e970000 - 0x00007ffa3eabb000 	C:\WINDOWS\System32\ucrtbase.dll
0x00007ffa35740000 - 0x00007ffa35757000 	C:\Program Files\Java\jdk-22\bin\jli.dll
0x00007ffa415d0000 - 0x00007ffa4179a000 	C:\WINDOWS\System32\USER32.dll
0x00007ffa3f2d0000 - 0x00007ffa3f2f7000 	C:\WINDOWS\System32\win32u.dll
0x00007ffa40d40000 - 0x00007ffa40d6b000 	C:\WINDOWS\System32\GDI32.dll
0x00007ffa3f190000 - 0x00007ffa3f2c2000 	C:\WINDOWS\System32\gdi32full.dll
0x00007ffa3f4f0000 - 0x00007ffa3f593000 	C:\WINDOWS\System32\msvcp_win.dll
0x00007ffa05090000 - 0x00007ffa050ab000 	C:\Program Files\Java\jdk-22\bin\VCRUNTIME140.dll
0x00007ffa2be50000 - 0x00007ffa2c0ea000 	C:\WINDOWS\WinSxS\amd64_microsoft.windows.common-controls_6595b64144ccf1df_6.0.26100.3912_none_3e07963ce335137e\COMCTL32.dll
0x00007ffa40f80000 - 0x00007ffa41029000 	C:\WINDOWS\System32\msvcrt.dll
0x00007ffa40bd0000 - 0x00007ffa40c00000 	C:\WINDOWS\System32\IMM32.DLL
0x00007ffa348e0000 - 0x00007ffa348ec000 	C:\Program Files\Java\jdk-22\bin\vcruntime140_1.dll
0x00007ff9dd580000 - 0x00007ff9dd60e000 	C:\Program Files\Java\jdk-22\bin\msvcp140.dll
0x00007ff998630000 - 0x00007ff999379000 	C:\Program Files\Java\jdk-22\bin\server\jvm.dll
0x00007ffa41030000 - 0x00007ffa410e2000 	C:\WINDOWS\System32\ADVAPI32.dll
0x00007ffa40970000 - 0x00007ffa40a16000 	C:\WINDOWS\System32\sechost.dll
0x00007ffa3fe40000 - 0x00007ffa3ff56000 	C:\WINDOWS\System32\RPCRT4.dll
0x00007ffa3fdc0000 - 0x00007ffa3fe34000 	C:\WINDOWS\System32\WS2_32.dll
0x00007ffa3e7c0000 - 0x00007ffa3e81e000 	C:\WINDOWS\SYSTEM32\POWRPROF.dll
0x00007ffa38140000 - 0x00007ffa3814b000 	C:\WINDOWS\SYSTEM32\VERSION.dll
0x00007ffa38100000 - 0x00007ffa38136000 	C:\WINDOWS\SYSTEM32\WINMM.dll
0x00007ffa3e7a0000 - 0x00007ffa3e7b4000 	C:\WINDOWS\SYSTEM32\UMPDC.dll
0x00007ffa3d730000 - 0x00007ffa3d74a000 	C:\WINDOWS\SYSTEM32\kernel.appcore.dll
0x00007ffa348b0000 - 0x00007ffa348ba000 	C:\Program Files\Java\jdk-22\bin\jimage.dll
0x00007ffa31b20000 - 0x00007ffa31d61000 	C:\WINDOWS\SYSTEM32\DBGHELP.DLL
0x00007ffa403e0000 - 0x00007ffa40764000 	C:\WINDOWS\System32\combase.dll
0x00007ffa3fcd0000 - 0x00007ffa3fdb0000 	C:\WINDOWS\System32\OLEAUT32.dll
0x00007ffa211f0000 - 0x00007ffa21229000 	C:\WINDOWS\SYSTEM32\dbgcore.DLL
0x00007ffa3f300000 - 0x00007ffa3f399000 	C:\WINDOWS\System32\bcryptPrimitives.dll
0x00007ff9ef770000 - 0x00007ff9ef78e000 	C:\Program Files\Java\jdk-22\bin\java.dll
0x00007ffa3f5a0000 - 0x00007ffa3fccd000 	C:\WINDOWS\System32\SHELL32.dll
0x00007ffa3eac0000 - 0x00007ffa3ec34000 	C:\WINDOWS\System32\wintypes.dll
0x00007ffa40230000 - 0x00007ffa403cf000 	C:\WINDOWS\System32\ole32.dll
0x00007ffa3c620000 - 0x00007ffa3ce76000 	C:\WINDOWS\SYSTEM32\windows.storage.dll
0x00007ffa3ff60000 - 0x00007ffa4004f000 	C:\WINDOWS\System32\SHCORE.dll
0x00007ffa401a0000 - 0x00007ffa40209000 	C:\WINDOWS\System32\shlwapi.dll
0x00007ffa3e880000 - 0x00007ffa3e8af000 	C:\WINDOWS\SYSTEM32\profapi.dll
0x00007ff9ddc30000 - 0x00007ff9ddd07000 	C:\Program Files\Java\jdk-22\bin\jsvml.dll
0x00007ffa32dc0000 - 0x00007ffa32dd0000 	C:\Program Files\Java\jdk-22\bin\net.dll
0x00007ffa3dca0000 - 0x00007ffa3dd0a000 	C:\WINDOWS\system32\mswsock.dll
0x00007ff9e1670000 - 0x00007ff9e1686000 	C:\Program Files\Java\jdk-22\bin\nio.dll
0x00007ff9dea10000 - 0x00007ff9dea27000 	C:\Program Files\Java\jdk-22\bin\zip.dll
0x00007ff9a2440000 - 0x00007ff9a25ce000 	C:\Program Files\Java\jdk-22\bin\awt.dll
0x00007ffa3ba00000 - 0x00007ffa3ba9e000 	C:\WINDOWS\SYSTEM32\apphelp.dll
0x00007ffa3bc60000 - 0x00007ffa3bd0f000 	C:\WINDOWS\system32\uxtheme.dll
0x00007ffa40770000 - 0x00007ffa408cf000 	C:\WINDOWS\System32\MSCTF.dll
0x00007ffa3c190000 - 0x00007ffa3c1c6000 	C:\WINDOWS\system32\DWMAPI.DLL
0x00007ff9df250000 - 0x00007ff9df35c000 	C:\WINDOWS\system32\opengl32.dll
0x00007ff9e7a50000 - 0x00007ff9e7a7d000 	C:\WINDOWS\SYSTEM32\GLU32.dll
0x00007ffa3bd60000 - 0x00007ffa3bda7000 	C:\WINDOWS\SYSTEM32\dxcore.dll
0x00007ff9dbe70000 - 0x00007ff9dc025000 	C:\WINDOWS\system32\d3d9.dll
0x00007ffa38150000 - 0x00007ffa3830b000 	C:\WINDOWS\System32\DriverStore\FileRepository\u0407195.inf_amd64_c2554e432ccc3389\B406567\aticfx64.dll
0x00007ffa1eea0000 - 0x00007ffa1eed4000 	C:\WINDOWS\System32\DriverStore\FileRepository\u0407195.inf_amd64_c2554e432ccc3389\B406567\atiu9p64.dll
0x00007ff98c660000 - 0x00007ff98d3a7000 	C:\WINDOWS\System32\DriverStore\FileRepository\u0407195.inf_amd64_c2554e432ccc3389\B406567\atiumd64.dll
0x000000006eb50000 - 0x000000006fa63000 	C:\WINDOWS\System32\DriverStore\FileRepository\u0407195.inf_amd64_c2554e432ccc3389\B406567\atiumd6a.dll
0x00007ffa410f0000 - 0x00007ffa41576000 	C:\WINDOWS\System32\SETUPAPI.dll
0x00007ffa35cc0000 - 0x00007ffa35cf5000 	C:\WINDOWS\SYSTEM32\amdihk64.dll
0x00007ffa3bfc0000 - 0x00007ffa3c020000 	C:\WINDOWS\SYSTEM32\directxdatabasehelper.dll
0x00007ff9dd4f0000 - 0x00007ff9dd577000 	C:\Program Files\Java\jdk-22\bin\freetype.dll
0x00007ff9dced0000 - 0x00007ff9dcfa7000 	C:\Program Files\Java\jdk-22\bin\fontmanager.dll
0x00007ffa3d260000 - 0x00007ffa3d387000 	C:\WINDOWS\SYSTEM32\DNSAPI.dll
0x00007ffa3d1c0000 - 0x00007ffa3d1f3000 	C:\WINDOWS\SYSTEM32\IPHLPAPI.DLL
0x00007ffa40210000 - 0x00007ffa4021a000 	C:\WINDOWS\System32\NSI.dll
0x00007ffa35af0000 - 0x00007ffa35afb000 	C:\Windows\System32\rasadhlp.dll
0x00007ffa32de0000 - 0x00007ffa32e66000 	C:\WINDOWS\System32\fwpuclnt.dll
0x00007ffa2db90000 - 0x00007ffa2db99000 	C:\Program Files\Java\jdk-22\bin\extnet.dll
0x00007ffa3df40000 - 0x00007ffa3df5c000 	C:\WINDOWS\SYSTEM32\CRYPTSP.dll
0x00007ffa3d690000 - 0x00007ffa3d6ca000 	C:\WINDOWS\system32\rsaenh.dll
0x00007ffa3dd40000 - 0x00007ffa3dd6b000 	C:\WINDOWS\SYSTEM32\USERENV.dll
0x00007ffa3e850000 - 0x00007ffa3e876000 	C:\WINDOWS\SYSTEM32\bcrypt.dll
0x00007ffa3df60000 - 0x00007ffa3df6c000 	C:\WINDOWS\SYSTEM32\CRYPTBASE.dll
0x00007ffa0f3c0000 - 0x00007ffa0f3ee000 	C:\Program Files\Java\jdk-22\bin\javajpeg.dll
0x00007ffa40b20000 - 0x00007ffa40bc8000 	C:\WINDOWS\System32\clbcatq.dll
0x00007ffa3a180000 - 0x00007ffa3a3ba000 	C:\WINDOWS\SYSTEM32\WindowsCodecs.dll
0x00007ffa113d0000 - 0x00007ffa1142a000 	C:\WINDOWS\system32\dataexchange.dll
0x00007ffa358b0000 - 0x00007ffa35aec000 	C:\WINDOWS\system32\twinapi.appcore.dll
0x00007ffa2dd50000 - 0x00007ffa2de9d000 	C:\WINDOWS\SYSTEM32\textinputframework.dll
0x00007ffa3b590000 - 0x00007ffa3b6b6000 	C:\WINDOWS\SYSTEM32\CoreMessaging.dll
0x00007ffa388d0000 - 0x00007ffa38bb3000 	C:\WINDOWS\SYSTEM32\CoreUIComponents.dll

dbghelp: loaded successfully - version: 4.0.5 - missing functions: none
symbol engine: initialized successfully - sym options: 0x614 - pdb path: .;C:\Program Files\Java\jdk-22\bin;C:\WINDOWS\SYSTEM32;C:\WINDOWS\WinSxS\amd64_microsoft.windows.common-controls_6595b64144ccf1df_6.0.26100.3912_none_3e07963ce335137e;C:\Program Files\Java\jdk-22\bin\server;C:\WINDOWS\System32\DriverStore\FileRepository\u0407195.inf_amd64_c2554e432ccc3389\B406567

VM Arguments:
jvm_args: -Dfile.encoding=UTF-8 --module-path=D:\KasirBaru\KaruniaStoreRepo\build\classes 
java_command: Form.Productt
java_class_path (initial): D:\driver\mysql-connector-j-9.0.0\mysql-connector-j-9.0.0\barbecue-2.0-dev.jar;D:\driver\mysql-connector-j-9.0.0\mysql-connector-j-9.0.0\jcommon-1.0.23.jar;D:\driver\mysql-connector-j-9.0.0\mysql-connector-j-9.0.0\jfreechart-1.0.19.jar;D:\driver\mysql-connector-j-9.0.0\mysql-connector-j-9.0.0\mysql-connector-j-9.0.0.jar;D:\KasirBaru\KaruniaStoreRepo\build\classes
Launcher Type: SUN_STANDARD

[Global flags]
     intx CICompilerCount                          = 3                                         {product} {ergonomic}
     uint ConcGCThreads                            = 1                                         {product} {ergonomic}
     uint G1ConcRefinementThreads                  = 4                                         {product} {ergonomic}
   size_t G1HeapRegionSize                         = 1048576                                   {product} {ergonomic}
   size_t InitialHeapSize                          = 58720256                                  {product} {ergonomic}
   size_t MarkStackSize                            = 4194304                                   {product} {ergonomic}
   size_t MaxHeapSize                              = 918552576                                 {product} {ergonomic}
   size_t MaxNewSize                               = 550502400                                 {product} {ergonomic}
   size_t MinHeapDeltaBytes                        = 1048576                                   {product} {ergonomic}
   size_t MinHeapSize                              = 8388608                                   {product} {ergonomic}
    uintx NonNMethodCodeHeapSize                   = 5832780                                {pd product} {ergonomic}
    uintx NonProfiledCodeHeapSize                  = 122912730                              {pd product} {ergonomic}
    uintx ProfiledCodeHeapSize                     = 122912730                              {pd product} {ergonomic}
    uintx ReservedCodeCacheSize                    = 251658240                              {pd product} {ergonomic}
     bool SegmentedCodeCache                       = true                                      {product} {ergonomic}
   size_t SoftMaxHeapSize                          = 918552576                              {manageable} {ergonomic}
     bool UseCompressedOops                        = true                           {product lp64_product} {ergonomic}
     bool UseG1GC                                  = true                                      {product} {ergonomic}
     bool UseLargePagesIndividualAllocation        = false                                  {pd product} {ergonomic}

Logging:
Log output configuration:
 #0: stdout all=warning uptime,level,tags foldmultilines=false
 #1: stderr all=off uptime,level,tags foldmultilines=false

Environment Variables:
JAVA_HOME=C:\Program Files\Java\jdk1.8.0_144
PATH=C:\Python27\;C:\Python27\Scripts;C:\Program Files\Common Files\Oracle\Java\javapath;C:\Program Files (x86)\Common Files\Intel\Shared Files\cpp\bin\Intel64;C:\WINDOWS\system32;C:\WINDOWS;C:\WINDOWS\System32\Wbem;C:\WINDOWS\System32\WindowsPowerShell\v1.0\;C:\WINDOWS\System32\OpenSSH\;C:\xampp\php;C:\Program Files\Git\cmd;C:\xampp\mysql\bin;C:\Program Files\PuTTY\;C:\Program Files\CMake\bin;C:\Program Files (x86)\Windows Kits\10\Windows Performance Toolkit\;C:\Program Files\nodejs\;D:\cocos2d-x-3.17.2\templates;D:\cocos2d-x-3.17.2\tools\cocos2d-console\bin;\cocos2d-x-3.17.2\templates;C:\Users\HP\AppData\Local\Temp\3d9027b2-b541-4d56-a7ee-8bc2683e0594_cocos2d-x-3.17.2.zip.594\cocos2d-x-3.17.2\templates;C:\Users\HP\AppData\Local\Temp\3d9027b2-b541-4d56-a7ee-8bc2683e0594_cocos2d-x-3.17.2.zip.594\cocos2d-x-3.17.2\tools\cocos2d-console\bin;C:\Users\HP\AppData\Local\Temp\80f1c17e-6489-4676-b642-bbb70fce0546_cocos2d-x-3.17.2.zip.546\cocos2d-x-3.17.2\templates;C:\Users\HP\AppData\Local\Temp\80f1c17e-6489-4676-b642-bbb70fce0546_cocos2d-x-3.17.2.zip.546\cocos2d-x-3.17.2\tools\cocos2d-console\bin;C:\Users\HP\AppData\Local\Temp\54db172c-7417-46dc-ad16-212e0381bc52_cocos2d-x-3.17.2.zip.c52\cocos2d-x-3.17.2\templates;C:\Users\HP\AppData\Local\Temp\54db172c-7417-46dc-ad16-212e0381bc52_cocos2d-x-3.17.2.zip.c52\cocos2d-x-3.17.2\tools\cocos2d-console\bin;C:\Users\HP\AppData\Local\Temp\f45cf816-a377-4ed9-ac4f-515cf28e531c_cocos2d-x-3.17.2.zip.31c\cocos2d-x-3.17.2\templates;C:\Users\HP\AppData\Local\Temp\f45cf816-a377-4ed9-ac4f-515cf28e531c_cocos2d-x-3.17.2.zip.31c\cocos2d-x-3.17.2\tools\cocos2d-console\bin;C:\Users\HP\AppData\Local\Temp\fe31a315-bf03-4ae8-8c10-1b881e2db6e2_cocos2d-x-3.17.2.zip.6e2\cocos2d-x-3.17.2\templates;C:\Users\HP\AppData\Local\Temp\fe31a315-bf03-4ae8-8c10-1b881e2db6e2_cocos2d-x-3.17.2.zip.6e2\cocos2d-x-3.17.2\tools\cocos2d-console\bin;cocos2d-x-3.17.1\templates;cocos2d-x\templates;cocos2d-x\tools\cocos2d-console\bin;\cocos2d-x\templates;game\cocos2d-x\tools\cocos2d-console\bin;\cocos2d-x-3.17.1\templates;C:\Users\HP\AppData\Local\Programs\Python\Python310\Scripts\;C:\Users\HP\AppData\Local\Programs\Python\Python310\;C:\Users\HP\AppData\Local\Microsoft\WindowsApps;C:\src\flutter\bin;C:\Users\HP\AppData\Local\Programs\Microsoft VS Code\bin;C:\Users\HP\AppData\Roaming\npm
USERNAME=HP
OS=Windows_NT
PROCESSOR_IDENTIFIER=AMD64 Family 23 Model 24 Stepping 1, AuthenticAMD
TMP=C:\Users\HP\AppData\Local\Temp
TEMP=C:\Users\HP\AppData\Local\Temp




Periodic native trim disabled

---------------  S Y S T E M  ---------------

OS:
 Windows 11 , 64 bit Build 26100 (10.0.26100.3912)
OS uptime: 7 days 12:36 hours

CPU: total 4 (initial active 4) (4 cores per cpu, 2 threads per core) family 23 model 24 stepping 1 microcode 0x8108109, cx8, cmov, fxsr, ht, mmx, 3dnowpref, sse, sse2, sse3, ssse3, sse4a, sse4.1, sse4.2, popcnt, lzcnt, tsc, tscinvbit, avx, avx2, aes, clmul, bmi1, bmi2, adx, sha, fma, vzeroupper, clflush, clflushopt, rdtscp, f16c
Processor Information for all 4 processors :
  Max Mhz: 2400, Current Mhz: 2400, Mhz Limit: 2400

Memory: 4k page, system-wide physical 3499M (221M free)
TotalPageFile size 14251M (AvailPageFile size 51M)
current process WorkingSet (physical memory assigned to process): 194M, peak: 198M
current process commit charge ("private bytes"): 248M, peak: 316M

vm_info: Java HotSpot(TM) 64-Bit Server VM (22.0.2+9-70) for windows-amd64 JRE (22.0.2+9-70), built on 2024-06-04T16:52:23Z by "mach5one" with MS VC++ 17.6 (VS2022)

END.
